<?xml version="1.0" encoding="UTF-8"?>
<!-- Generated by org.testng.reporters.JUnitXMLReporter -->
<testsuite ignored="0" hostname="KAITLYN" failures="1" tests="1" name="Default test(failed)" time="4.109" errors="0" timestamp="2025-06-11T00:12:06 CDT">
  <testcase classname="io.cucumber.testng.AbstractTestNGCucumberTests" name="runScenario" time="3.357">
    <failure type="java.lang.AssertionError" message="expected [201] but found [503]">
      <![CDATA[java.lang.AssertionError: expected [201] but found [503]
at stepDefinition.PostStep.new_user_created_with_response_status(PostStep.java:72)
at ✽.new user created with response status 201(file:///C:/Users/jimre/eclipse-workspace/UserAPICucumberBDD_Christy/src/test/resources/features/Post.feature:9)
... Removed 7 stack frames]]>
    </failure>
  </testcase> <!-- runScenario -->
</testsuite> <!-- Default test(failed) -->
