<?xml version="1.0" encoding="UTF-8"?>
<testng-results ignored="0" total="40" passed="36" failed="4" skipped="0">
  <reporter-output>
  </reporter-output>
  <suite started-at="2025-06-13T02:46:44 CDT" name="Default suite" finished-at="2025-06-13T02:47:19 CDT" duration-ms="34540">
    <groups>
      <group name="cucumber">
        <method signature="AbstractTestNGCucumberTests.runScenario(io.cucumber.testng.PickleWrapper,io.cucumber.testng.FeatureWrapper)[pri:0, instance:runner.TestRunner@2b40ff9c]" name="runScenario" class="io.cucumber.testng.AbstractTestNGCucumberTests"/>
      </group> <!-- cucumber -->
    </groups>
    <test started-at="2025-06-13T02:46:44 CDT" name="Default test" finished-at="2025-06-13T02:47:19 CDT" duration-ms="34540">
      <class name="runner.TestRunner">
        <test-method is-config="true" signature="setUpClass(org.testng.ITestContext)[pri:0, instance:runner.TestRunner@2b40ff9c]" started-at="2025-06-13T02:46:44 CDT" name="setUpClass" finished-at="2025-06-13T02:46:46 CDT" duration-ms="1639" status="PASS">
          <params>
            <param index="0">
              <value>
                <![CDATA[org.testng.TestRunner@6441cff1]]>
              </value>
            </param>
          </params>
          <reporter-output>
          </reporter-output>
        </test-method> <!-- setUpClass -->
        <test-method signature="runScenario(io.cucumber.testng.PickleWrapper,io.cucumber.testng.FeatureWrapper)[pri:0, instance:runner.TestRunner@2b40ff9c]" started-at="2025-06-13T02:46:46 CDT" name="runScenario" description="Runs Cucumber Scenarios" data-provider="scenarios" finished-at="2025-06-13T02:46:52 CDT" duration-ms="6531" status="PASS">
          <params>
            <param index="0">
              <value>
                <![CDATA["Validate Delete user with valid user name should have correct status code"]]>
              </value>
            </param>
            <param index="1">
              <value>
                <![CDATA["Delete existing user"]]>
              </value>
            </param>
          </params>
          <reporter-output>
          </reporter-output>
        </test-method> <!-- runScenario -->
        <test-method signature="runScenario(io.cucumber.testng.PickleWrapper,io.cucumber.testng.FeatureWrapper)[pri:0, instance:runner.TestRunner@2b40ff9c]" started-at="2025-06-13T02:46:52 CDT" name="runScenario" description="Runs Cucumber Scenarios" data-provider="scenarios" finished-at="2025-06-13T02:46:53 CDT" duration-ms="1143" status="PASS">
          <params>
            <param index="0">
              <value>
                <![CDATA["Validate Delete user with valid user name should have correct response message"]]>
              </value>
            </param>
            <param index="1">
              <value>
                <![CDATA["Delete existing user"]]>
              </value>
            </param>
          </params>
          <reporter-output>
          </reporter-output>
        </test-method> <!-- runScenario -->
        <test-method signature="runScenario(io.cucumber.testng.PickleWrapper,io.cucumber.testng.FeatureWrapper)[pri:0, instance:runner.TestRunner@2b40ff9c]" started-at="2025-06-13T02:46:53 CDT" name="runScenario" description="Runs Cucumber Scenarios" data-provider="scenarios" finished-at="2025-06-13T02:46:54 CDT" duration-ms="399" status="PASS">
          <params>
            <param index="0">
              <value>
                <![CDATA["Validate Delete user with nonexistent user name should have correct status code"]]>
              </value>
            </param>
            <param index="1">
              <value>
                <![CDATA["Delete existing user"]]>
              </value>
            </param>
          </params>
          <reporter-output>
          </reporter-output>
        </test-method> <!-- runScenario -->
        <test-method signature="runScenario(io.cucumber.testng.PickleWrapper,io.cucumber.testng.FeatureWrapper)[pri:0, instance:runner.TestRunner@2b40ff9c]" started-at="2025-06-13T02:46:54 CDT" name="runScenario" description="Runs Cucumber Scenarios" data-provider="scenarios" finished-at="2025-06-13T02:46:54 CDT" duration-ms="428" status="PASS">
          <params>
            <param index="0">
              <value>
                <![CDATA["Validate Delete user with nonexistent user name should have correct response message"]]>
              </value>
            </param>
            <param index="1">
              <value>
                <![CDATA["Delete existing user"]]>
              </value>
            </param>
          </params>
          <reporter-output>
          </reporter-output>
        </test-method> <!-- runScenario -->
        <test-method signature="runScenario(io.cucumber.testng.PickleWrapper,io.cucumber.testng.FeatureWrapper)[pri:0, instance:runner.TestRunner@2b40ff9c]" started-at="2025-06-13T02:46:54 CDT" name="runScenario" description="Runs Cucumber Scenarios" data-provider="scenarios" finished-at="2025-06-13T02:46:55 CDT" duration-ms="1099" status="PASS">
          <params>
            <param index="0">
              <value>
                <![CDATA["Validate Delete user with valid user id should have correct status code"]]>
              </value>
            </param>
            <param index="1">
              <value>
                <![CDATA["Delete existing user"]]>
              </value>
            </param>
          </params>
          <reporter-output>
          </reporter-output>
        </test-method> <!-- runScenario -->
        <test-method signature="runScenario(io.cucumber.testng.PickleWrapper,io.cucumber.testng.FeatureWrapper)[pri:0, instance:runner.TestRunner@2b40ff9c]" started-at="2025-06-13T02:46:55 CDT" name="runScenario" description="Runs Cucumber Scenarios" data-provider="scenarios" finished-at="2025-06-13T02:46:57 CDT" duration-ms="1155" status="PASS">
          <params>
            <param index="0">
              <value>
                <![CDATA["Validate Delete user with valid user id should have correct response message"]]>
              </value>
            </param>
            <param index="1">
              <value>
                <![CDATA["Delete existing user"]]>
              </value>
            </param>
          </params>
          <reporter-output>
          </reporter-output>
        </test-method> <!-- runScenario -->
        <test-method signature="runScenario(io.cucumber.testng.PickleWrapper,io.cucumber.testng.FeatureWrapper)[pri:0, instance:runner.TestRunner@2b40ff9c]" started-at="2025-06-13T02:46:57 CDT" name="runScenario" description="Runs Cucumber Scenarios" data-provider="scenarios" finished-at="2025-06-13T02:46:57 CDT" duration-ms="603" status="PASS">
          <params>
            <param index="0">
              <value>
                <![CDATA["Validate Delete user with nonexistent user id should have correct status code"]]>
              </value>
            </param>
            <param index="1">
              <value>
                <![CDATA["Delete existing user"]]>
              </value>
            </param>
          </params>
          <reporter-output>
          </reporter-output>
        </test-method> <!-- runScenario -->
        <test-method signature="runScenario(io.cucumber.testng.PickleWrapper,io.cucumber.testng.FeatureWrapper)[pri:0, instance:runner.TestRunner@2b40ff9c]" started-at="2025-06-13T02:46:57 CDT" name="runScenario" description="Runs Cucumber Scenarios" data-provider="scenarios" finished-at="2025-06-13T02:46:58 CDT" duration-ms="388" status="PASS">
          <params>
            <param index="0">
              <value>
                <![CDATA["Validate Delete user with nonexistent user id should have correct response message"]]>
              </value>
            </param>
            <param index="1">
              <value>
                <![CDATA["Delete existing user"]]>
              </value>
            </param>
          </params>
          <reporter-output>
          </reporter-output>
        </test-method> <!-- runScenario -->
        <test-method signature="runScenario(io.cucumber.testng.PickleWrapper,io.cucumber.testng.FeatureWrapper)[pri:0, instance:runner.TestRunner@2b40ff9c]" started-at="2025-06-13T02:46:58 CDT" name="runScenario" description="Runs Cucumber Scenarios" data-provider="scenarios" finished-at="2025-06-13T02:46:59 CDT" duration-ms="1258" status="PASS">
          <params>
            <param index="0">
              <value>
                <![CDATA["Validate  response status code to GET all users"]]>
              </value>
            </param>
            <param index="1">
              <value>
                <![CDATA["Get User details"]]>
              </value>
            </param>
          </params>
          <reporter-output>
          </reporter-output>
        </test-method> <!-- runScenario -->
        <test-method signature="runScenario(io.cucumber.testng.PickleWrapper,io.cucumber.testng.FeatureWrapper)[pri:0, instance:runner.TestRunner@2b40ff9c]" started-at="2025-06-13T02:46:59 CDT" name="runScenario" description="Runs Cucumber Scenarios" data-provider="scenarios" finished-at="2025-06-13T02:47:00 CDT" duration-ms="1268" status="PASS">
          <params>
            <param index="0">
              <value>
                <![CDATA["Validate correct status line is displayed for GET all users"]]>
              </value>
            </param>
            <param index="1">
              <value>
                <![CDATA["Get User details"]]>
              </value>
            </param>
          </params>
          <reporter-output>
          </reporter-output>
        </test-method> <!-- runScenario -->
        <test-method signature="runScenario(io.cucumber.testng.PickleWrapper,io.cucumber.testng.FeatureWrapper)[pri:0, instance:runner.TestRunner@2b40ff9c]" started-at="2025-06-13T02:47:00 CDT" name="runScenario" description="Runs Cucumber Scenarios" data-provider="scenarios" finished-at="2025-06-13T02:47:01 CDT" duration-ms="1293" status="PASS">
          <params>
            <param index="0">
              <value>
                <![CDATA["Validate response body is in the format Content- Type JSON for GET all users"]]>
              </value>
            </param>
            <param index="1">
              <value>
                <![CDATA["Get User details"]]>
              </value>
            </param>
          </params>
          <reporter-output>
          </reporter-output>
        </test-method> <!-- runScenario -->
        <test-method signature="runScenario(io.cucumber.testng.PickleWrapper,io.cucumber.testng.FeatureWrapper)[pri:0, instance:runner.TestRunner@2b40ff9c]" started-at="2025-06-13T02:47:01 CDT" name="runScenario" description="Runs Cucumber Scenarios" data-provider="scenarios" finished-at="2025-06-13T02:47:02 CDT" duration-ms="361" status="PASS">
          <params>
            <param index="0">
              <value>
                <![CDATA["Validate GET request for user with valid user id"]]>
              </value>
            </param>
            <param index="1">
              <value>
                <![CDATA["Get User details"]]>
              </value>
            </param>
          </params>
          <reporter-output>
          </reporter-output>
        </test-method> <!-- runScenario -->
        <test-method signature="runScenario(io.cucumber.testng.PickleWrapper,io.cucumber.testng.FeatureWrapper)[pri:0, instance:runner.TestRunner@2b40ff9c]" started-at="2025-06-13T02:47:02 CDT" name="runScenario" description="Runs Cucumber Scenarios" data-provider="scenarios" finished-at="2025-06-13T02:47:02 CDT" duration-ms="332" status="PASS">
          <params>
            <param index="0">
              <value>
                <![CDATA["Validate status code for GET user with invalid user id"]]>
              </value>
            </param>
            <param index="1">
              <value>
                <![CDATA["Get User details"]]>
              </value>
            </param>
          </params>
          <reporter-output>
          </reporter-output>
        </test-method> <!-- runScenario -->
        <test-method signature="runScenario(io.cucumber.testng.PickleWrapper,io.cucumber.testng.FeatureWrapper)[pri:0, instance:runner.TestRunner@2b40ff9c]" started-at="2025-06-13T02:47:02 CDT" name="runScenario" description="Runs Cucumber Scenarios" data-provider="scenarios" finished-at="2025-06-13T02:47:02 CDT" duration-ms="389" status="PASS">
          <params>
            <param index="0">
              <value>
                <![CDATA["Validate status line displays error message for GET user with invalid user id"]]>
              </value>
            </param>
            <param index="1">
              <value>
                <![CDATA["Get User details"]]>
              </value>
            </param>
          </params>
          <reporter-output>
          </reporter-output>
        </test-method> <!-- runScenario -->
        <test-method signature="runScenario(io.cucumber.testng.PickleWrapper,io.cucumber.testng.FeatureWrapper)[pri:0, instance:runner.TestRunner@2b40ff9c]" started-at="2025-06-13T02:47:02 CDT" name="runScenario" description="Runs Cucumber Scenarios" data-provider="scenarios" finished-at="2025-06-13T02:47:03 CDT" duration-ms="402" status="PASS">
          <params>
            <param index="0">
              <value>
                <![CDATA["Validate GET request for user with valid user first name"]]>
              </value>
            </param>
            <param index="1">
              <value>
                <![CDATA["Get User details"]]>
              </value>
            </param>
          </params>
          <reporter-output>
          </reporter-output>
        </test-method> <!-- runScenario -->
        <test-method signature="runScenario(io.cucumber.testng.PickleWrapper,io.cucumber.testng.FeatureWrapper)[pri:0, instance:runner.TestRunner@2b40ff9c]" started-at="2025-06-13T02:47:03 CDT" name="runScenario" description="Runs Cucumber Scenarios" data-provider="scenarios" finished-at="2025-06-13T02:47:03 CDT" duration-ms="365" status="PASS">
          <params>
            <param index="0">
              <value>
                <![CDATA["Validate status code for GET user with invalid user first name"]]>
              </value>
            </param>
            <param index="1">
              <value>
                <![CDATA["Get User details"]]>
              </value>
            </param>
          </params>
          <reporter-output>
          </reporter-output>
        </test-method> <!-- runScenario -->
        <test-method signature="runScenario(io.cucumber.testng.PickleWrapper,io.cucumber.testng.FeatureWrapper)[pri:0, instance:runner.TestRunner@2b40ff9c]" started-at="2025-06-13T02:47:03 CDT" name="runScenario" description="Runs Cucumber Scenarios" data-provider="scenarios" finished-at="2025-06-13T02:47:04 CDT" duration-ms="389" status="PASS">
          <params>
            <param index="0">
              <value>
                <![CDATA["Validate status line displays error message for GET user with invalid user first name"]]>
              </value>
            </param>
            <param index="1">
              <value>
                <![CDATA["Get User details"]]>
              </value>
            </param>
          </params>
          <reporter-output>
          </reporter-output>
        </test-method> <!-- runScenario -->
        <test-method signature="runScenario(io.cucumber.testng.PickleWrapper,io.cucumber.testng.FeatureWrapper)[pri:0, instance:runner.TestRunner@2b40ff9c]" started-at="2025-06-13T02:47:04 CDT" name="runScenario" description="Runs Cucumber Scenarios" data-provider="scenarios" finished-at="2025-06-13T02:47:05 CDT" duration-ms="1100" status="PASS">
          <params>
            <param index="0">
              <value>
                <![CDATA["Verify user is successfully able to update user information with patch and receive correct status code"]]>
              </value>
            </param>
            <param index="1">
              <value>
                <![CDATA["Update existing user with Patch request"]]>
              </value>
            </param>
          </params>
          <reporter-output>
          </reporter-output>
        </test-method> <!-- runScenario -->
        <test-method signature="runScenario(io.cucumber.testng.PickleWrapper,io.cucumber.testng.FeatureWrapper)[pri:0, instance:runner.TestRunner@2b40ff9c]" started-at="2025-06-13T02:47:05 CDT" name="runScenario" description="Runs Cucumber Scenarios" data-provider="scenarios" finished-at="2025-06-13T02:47:06 CDT" duration-ms="1067" status="PASS">
          <params>
            <param index="0">
              <value>
                <![CDATA["Verify user is successfully able to update user information with patch and validate field"]]>
              </value>
            </param>
            <param index="1">
              <value>
                <![CDATA["Update existing user with Patch request"]]>
              </value>
            </param>
          </params>
          <reporter-output>
          </reporter-output>
        </test-method> <!-- runScenario -->
        <test-method signature="runScenario(io.cucumber.testng.PickleWrapper,io.cucumber.testng.FeatureWrapper)[pri:0, instance:runner.TestRunner@2b40ff9c]" started-at="2025-06-13T02:47:06 CDT" name="runScenario" description="Runs Cucumber Scenarios" data-provider="scenarios" finished-at="2025-06-13T02:47:07 CDT" duration-ms="1106" status="FAIL">
          <params>
            <param index="0">
              <value>
                <![CDATA["Verify user gets error when updating user with Patch request with invalid data"]]>
              </value>
            </param>
            <param index="1">
              <value>
                <![CDATA["Update existing user with Patch request"]]>
              </value>
            </param>
          </params>
          <exception class="java.lang.AssertionError">
            <message>
              <![CDATA[expected [409] but found [400]]]>
            </message>
            <full-stacktrace>
              <![CDATA[java.lang.AssertionError: expected [409] but found [400]
at org.testng.Assert.fail(Assert.java:111)
at org.testng.Assert.failNotEquals(Assert.java:1590)
at org.testng.Assert.assertEqualsImpl(Assert.java:150)
at org.testng.Assert.assertEquals(Assert.java:132)
at org.testng.Assert.assertEquals(Assert.java:1431)
at org.testng.Assert.assertEquals(Assert.java:1395)
at org.testng.Assert.assertEquals(Assert.java:1441)
at stepDefinition.GetStep.user_should_receive_correct_status_code(GetStep.java:99)
at ✽.user should receive correct status code(file:///C:/Users/jimre/eclipse-workspace/UserAPICucumberBDD_Christy/src/test/resources/features/Patch.feature:24)
]]>
            </full-stacktrace>
          </exception> <!-- java.lang.AssertionError -->
          <reporter-output>
          </reporter-output>
        </test-method> <!-- runScenario -->
        <test-method signature="runScenario(io.cucumber.testng.PickleWrapper,io.cucumber.testng.FeatureWrapper)[pri:0, instance:runner.TestRunner@2b40ff9c]" started-at="2025-06-13T02:47:07 CDT" name="runScenario" description="Runs Cucumber Scenarios" data-provider="scenarios" finished-at="2025-06-13T02:47:08 CDT" duration-ms="1013" status="FAIL">
          <params>
            <param index="0">
              <value>
                <![CDATA["Verify user gets error when updating user with Patch request with invalid data"]]>
              </value>
            </param>
            <param index="1">
              <value>
                <![CDATA["Update existing user with Patch request"]]>
              </value>
            </param>
          </params>
          <exception class="java.lang.AssertionError">
            <message>
              <![CDATA[expected [409] but found [500]]]>
            </message>
            <full-stacktrace>
              <![CDATA[java.lang.AssertionError: expected [409] but found [500]
at org.testng.Assert.fail(Assert.java:111)
at org.testng.Assert.failNotEquals(Assert.java:1590)
at org.testng.Assert.assertEqualsImpl(Assert.java:150)
at org.testng.Assert.assertEquals(Assert.java:132)
at org.testng.Assert.assertEquals(Assert.java:1431)
at org.testng.Assert.assertEquals(Assert.java:1395)
at org.testng.Assert.assertEquals(Assert.java:1441)
at stepDefinition.GetStep.user_should_receive_correct_status_code(GetStep.java:99)
at ✽.user should receive correct status code(file:///C:/Users/jimre/eclipse-workspace/UserAPICucumberBDD_Christy/src/test/resources/features/Patch.feature:24)
]]>
            </full-stacktrace>
          </exception> <!-- java.lang.AssertionError -->
          <reporter-output>
          </reporter-output>
        </test-method> <!-- runScenario -->
        <test-method signature="runScenario(io.cucumber.testng.PickleWrapper,io.cucumber.testng.FeatureWrapper)[pri:0, instance:runner.TestRunner@2b40ff9c]" started-at="2025-06-13T02:47:08 CDT" name="runScenario" description="Runs Cucumber Scenarios" data-provider="scenarios" finished-at="2025-06-13T02:47:09 CDT" duration-ms="778" status="PASS">
          <params>
            <param index="0">
              <value>
                <![CDATA["Verify that new user created successfully with valid status code"]]>
              </value>
            </param>
            <param index="1">
              <value>
                <![CDATA["Create a new user"]]>
              </value>
            </param>
          </params>
          <reporter-output>
          </reporter-output>
        </test-method> <!-- runScenario -->
        <test-method signature="runScenario(io.cucumber.testng.PickleWrapper,io.cucumber.testng.FeatureWrapper)[pri:0, instance:runner.TestRunner@2b40ff9c]" started-at="2025-06-13T02:47:09 CDT" name="runScenario" description="Runs Cucumber Scenarios" data-provider="scenarios" finished-at="2025-06-13T02:47:09 CDT" duration-ms="678" status="PASS">
          <params>
            <param index="0">
              <value>
                <![CDATA["Verify that new user created successfully with valid content type"]]>
              </value>
            </param>
            <param index="1">
              <value>
                <![CDATA["Create a new user"]]>
              </value>
            </param>
          </params>
          <reporter-output>
          </reporter-output>
        </test-method> <!-- runScenario -->
        <test-method signature="runScenario(io.cucumber.testng.PickleWrapper,io.cucumber.testng.FeatureWrapper)[pri:0, instance:runner.TestRunner@2b40ff9c]" started-at="2025-06-13T02:47:09 CDT" name="runScenario" description="Runs Cucumber Scenarios" data-provider="scenarios" finished-at="2025-06-13T02:47:10 CDT" duration-ms="698" status="PASS">
          <params>
            <param index="0">
              <value>
                <![CDATA["Verify that new user created successfully with valid status line"]]>
              </value>
            </param>
            <param index="1">
              <value>
                <![CDATA["Create a new user"]]>
              </value>
            </param>
          </params>
          <reporter-output>
          </reporter-output>
        </test-method> <!-- runScenario -->
        <test-method signature="runScenario(io.cucumber.testng.PickleWrapper,io.cucumber.testng.FeatureWrapper)[pri:0, instance:runner.TestRunner@2b40ff9c]" started-at="2025-06-13T02:47:10 CDT" name="runScenario" description="Runs Cucumber Scenarios" data-provider="scenarios" finished-at="2025-06-13T02:47:10 CDT" duration-ms="351" status="PASS">
          <params>
            <param index="0">
              <value>
                <![CDATA["Verify user gets error with correct status code when creating user with invalid data"]]>
              </value>
            </param>
            <param index="1">
              <value>
                <![CDATA["Create a new user"]]>
              </value>
            </param>
          </params>
          <reporter-output>
          </reporter-output>
        </test-method> <!-- runScenario -->
        <test-method signature="runScenario(io.cucumber.testng.PickleWrapper,io.cucumber.testng.FeatureWrapper)[pri:0, instance:runner.TestRunner@2b40ff9c]" started-at="2025-06-13T02:47:10 CDT" name="runScenario" description="Runs Cucumber Scenarios" data-provider="scenarios" finished-at="2025-06-13T02:47:11 CDT" duration-ms="424" status="PASS">
          <params>
            <param index="0">
              <value>
                <![CDATA["Verify user gets error with correct status code when creating user with invalid data"]]>
              </value>
            </param>
            <param index="1">
              <value>
                <![CDATA["Create a new user"]]>
              </value>
            </param>
          </params>
          <reporter-output>
          </reporter-output>
        </test-method> <!-- runScenario -->
        <test-method signature="runScenario(io.cucumber.testng.PickleWrapper,io.cucumber.testng.FeatureWrapper)[pri:0, instance:runner.TestRunner@2b40ff9c]" started-at="2025-06-13T02:47:11 CDT" name="runScenario" description="Runs Cucumber Scenarios" data-provider="scenarios" finished-at="2025-06-13T02:47:11 CDT" duration-ms="336" status="PASS">
          <params>
            <param index="0">
              <value>
                <![CDATA["Verify user gets error with correct status code when creating user with invalid data"]]>
              </value>
            </param>
            <param index="1">
              <value>
                <![CDATA["Create a new user"]]>
              </value>
            </param>
          </params>
          <reporter-output>
          </reporter-output>
        </test-method> <!-- runScenario -->
        <test-method signature="runScenario(io.cucumber.testng.PickleWrapper,io.cucumber.testng.FeatureWrapper)[pri:0, instance:runner.TestRunner@2b40ff9c]" started-at="2025-06-13T02:47:11 CDT" name="runScenario" description="Runs Cucumber Scenarios" data-provider="scenarios" finished-at="2025-06-13T02:47:12 CDT" duration-ms="338" status="PASS">
          <params>
            <param index="0">
              <value>
                <![CDATA["Verify user gets error with correct status code when creating user with invalid data"]]>
              </value>
            </param>
            <param index="1">
              <value>
                <![CDATA["Create a new user"]]>
              </value>
            </param>
          </params>
          <reporter-output>
          </reporter-output>
        </test-method> <!-- runScenario -->
        <test-method signature="runScenario(io.cucumber.testng.PickleWrapper,io.cucumber.testng.FeatureWrapper)[pri:0, instance:runner.TestRunner@2b40ff9c]" started-at="2025-06-13T02:47:12 CDT" name="runScenario" description="Runs Cucumber Scenarios" data-provider="scenarios" finished-at="2025-06-13T02:47:12 CDT" duration-ms="349" status="PASS">
          <params>
            <param index="0">
              <value>
                <![CDATA["Verify user gets error with correct status code when creating user with invalid data"]]>
              </value>
            </param>
            <param index="1">
              <value>
                <![CDATA["Create a new user"]]>
              </value>
            </param>
          </params>
          <reporter-output>
          </reporter-output>
        </test-method> <!-- runScenario -->
        <test-method signature="runScenario(io.cucumber.testng.PickleWrapper,io.cucumber.testng.FeatureWrapper)[pri:0, instance:runner.TestRunner@2b40ff9c]" started-at="2025-06-13T02:47:12 CDT" name="runScenario" description="Runs Cucumber Scenarios" data-provider="scenarios" finished-at="2025-06-13T02:47:12 CDT" duration-ms="337" status="PASS">
          <params>
            <param index="0">
              <value>
                <![CDATA["Verify user gets error with correct status code when creating user with invalid data"]]>
              </value>
            </param>
            <param index="1">
              <value>
                <![CDATA["Create a new user"]]>
              </value>
            </param>
          </params>
          <reporter-output>
          </reporter-output>
        </test-method> <!-- runScenario -->
        <test-method signature="runScenario(io.cucumber.testng.PickleWrapper,io.cucumber.testng.FeatureWrapper)[pri:0, instance:runner.TestRunner@2b40ff9c]" started-at="2025-06-13T02:47:12 CDT" name="runScenario" description="Runs Cucumber Scenarios" data-provider="scenarios" finished-at="2025-06-13T02:47:13 CDT" duration-ms="373" status="PASS">
          <params>
            <param index="0">
              <value>
                <![CDATA["Verify user gets error with correct error message when creating user with invalid data"]]>
              </value>
            </param>
            <param index="1">
              <value>
                <![CDATA["Create a new user"]]>
              </value>
            </param>
          </params>
          <reporter-output>
          </reporter-output>
        </test-method> <!-- runScenario -->
        <test-method signature="runScenario(io.cucumber.testng.PickleWrapper,io.cucumber.testng.FeatureWrapper)[pri:0, instance:runner.TestRunner@2b40ff9c]" started-at="2025-06-13T02:47:13 CDT" name="runScenario" description="Runs Cucumber Scenarios" data-provider="scenarios" finished-at="2025-06-13T02:47:13 CDT" duration-ms="383" status="PASS">
          <params>
            <param index="0">
              <value>
                <![CDATA["Verify user gets error with correct error message when creating user with invalid data"]]>
              </value>
            </param>
            <param index="1">
              <value>
                <![CDATA["Create a new user"]]>
              </value>
            </param>
          </params>
          <reporter-output>
          </reporter-output>
        </test-method> <!-- runScenario -->
        <test-method signature="runScenario(io.cucumber.testng.PickleWrapper,io.cucumber.testng.FeatureWrapper)[pri:0, instance:runner.TestRunner@2b40ff9c]" started-at="2025-06-13T02:47:13 CDT" name="runScenario" description="Runs Cucumber Scenarios" data-provider="scenarios" finished-at="2025-06-13T02:47:13 CDT" duration-ms="390" status="PASS">
          <params>
            <param index="0">
              <value>
                <![CDATA["Verify user gets error with correct error message when creating user with invalid data"]]>
              </value>
            </param>
            <param index="1">
              <value>
                <![CDATA["Create a new user"]]>
              </value>
            </param>
          </params>
          <reporter-output>
          </reporter-output>
        </test-method> <!-- runScenario -->
        <test-method signature="runScenario(io.cucumber.testng.PickleWrapper,io.cucumber.testng.FeatureWrapper)[pri:0, instance:runner.TestRunner@2b40ff9c]" started-at="2025-06-13T02:47:13 CDT" name="runScenario" description="Runs Cucumber Scenarios" data-provider="scenarios" finished-at="2025-06-13T02:47:14 CDT" duration-ms="357" status="PASS">
          <params>
            <param index="0">
              <value>
                <![CDATA["Verify user gets error with correct error message when creating user with invalid data"]]>
              </value>
            </param>
            <param index="1">
              <value>
                <![CDATA["Create a new user"]]>
              </value>
            </param>
          </params>
          <reporter-output>
          </reporter-output>
        </test-method> <!-- runScenario -->
        <test-method signature="runScenario(io.cucumber.testng.PickleWrapper,io.cucumber.testng.FeatureWrapper)[pri:0, instance:runner.TestRunner@2b40ff9c]" started-at="2025-06-13T02:47:14 CDT" name="runScenario" description="Runs Cucumber Scenarios" data-provider="scenarios" finished-at="2025-06-13T02:47:14 CDT" duration-ms="366" status="PASS">
          <params>
            <param index="0">
              <value>
                <![CDATA["Verify user gets error with correct error message when creating user with invalid data"]]>
              </value>
            </param>
            <param index="1">
              <value>
                <![CDATA["Create a new user"]]>
              </value>
            </param>
          </params>
          <reporter-output>
          </reporter-output>
        </test-method> <!-- runScenario -->
        <test-method signature="runScenario(io.cucumber.testng.PickleWrapper,io.cucumber.testng.FeatureWrapper)[pri:0, instance:runner.TestRunner@2b40ff9c]" started-at="2025-06-13T02:47:14 CDT" name="runScenario" description="Runs Cucumber Scenarios" data-provider="scenarios" finished-at="2025-06-13T02:47:14 CDT" duration-ms="356" status="PASS">
          <params>
            <param index="0">
              <value>
                <![CDATA["Verify user gets error with correct error message when creating user with invalid data"]]>
              </value>
            </param>
            <param index="1">
              <value>
                <![CDATA["Create a new user"]]>
              </value>
            </param>
          </params>
          <reporter-output>
          </reporter-output>
        </test-method> <!-- runScenario -->
        <test-method signature="runScenario(io.cucumber.testng.PickleWrapper,io.cucumber.testng.FeatureWrapper)[pri:0, instance:runner.TestRunner@2b40ff9c]" started-at="2025-06-13T02:47:14 CDT" name="runScenario" description="Runs Cucumber Scenarios" data-provider="scenarios" finished-at="2025-06-13T02:47:15 CDT" duration-ms="968" status="PASS">
          <params>
            <param index="0">
              <value>
                <![CDATA["Verify user is successfully able to update user information and receive correct status code"]]>
              </value>
            </param>
            <param index="1">
              <value>
                <![CDATA["Update existing user with Put request"]]>
              </value>
            </param>
          </params>
          <reporter-output>
          </reporter-output>
        </test-method> <!-- runScenario -->
        <test-method signature="runScenario(io.cucumber.testng.PickleWrapper,io.cucumber.testng.FeatureWrapper)[pri:0, instance:runner.TestRunner@2b40ff9c]" started-at="2025-06-13T02:47:15 CDT" name="runScenario" description="Runs Cucumber Scenarios" data-provider="scenarios" finished-at="2025-06-13T02:47:16 CDT" duration-ms="979" status="PASS">
          <params>
            <param index="0">
              <value>
                <![CDATA["Verify user is successfully able to update user information and validate field"]]>
              </value>
            </param>
            <param index="1">
              <value>
                <![CDATA["Update existing user with Put request"]]>
              </value>
            </param>
          </params>
          <reporter-output>
          </reporter-output>
        </test-method> <!-- runScenario -->
        <test-method signature="runScenario(io.cucumber.testng.PickleWrapper,io.cucumber.testng.FeatureWrapper)[pri:0, instance:runner.TestRunner@2b40ff9c]" started-at="2025-06-13T02:47:16 CDT" name="runScenario" description="Runs Cucumber Scenarios" data-provider="scenarios" finished-at="2025-06-13T02:47:17 CDT" duration-ms="983" status="FAIL">
          <params>
            <param index="0">
              <value>
                <![CDATA["Verify user gets error when updating user with Put request with invalid data"]]>
              </value>
            </param>
            <param index="1">
              <value>
                <![CDATA["Update existing user with Put request"]]>
              </value>
            </param>
          </params>
          <exception class="java.lang.AssertionError">
            <message>
              <![CDATA[expected [409] but found [400]]]>
            </message>
            <full-stacktrace>
              <![CDATA[java.lang.AssertionError: expected [409] but found [400]
at org.testng.Assert.fail(Assert.java:111)
at org.testng.Assert.failNotEquals(Assert.java:1590)
at org.testng.Assert.assertEqualsImpl(Assert.java:150)
at org.testng.Assert.assertEquals(Assert.java:132)
at org.testng.Assert.assertEquals(Assert.java:1431)
at org.testng.Assert.assertEquals(Assert.java:1395)
at org.testng.Assert.assertEquals(Assert.java:1441)
at stepDefinition.GetStep.user_should_receive_correct_status_code(GetStep.java:99)
at ✽.user should receive correct status code(file:///C:/Users/jimre/eclipse-workspace/UserAPICucumberBDD_Christy/src/test/resources/features/Put.feature:24)
]]>
            </full-stacktrace>
          </exception> <!-- java.lang.AssertionError -->
          <reporter-output>
          </reporter-output>
        </test-method> <!-- runScenario -->
        <test-method signature="runScenario(io.cucumber.testng.PickleWrapper,io.cucumber.testng.FeatureWrapper)[pri:0, instance:runner.TestRunner@2b40ff9c]" started-at="2025-06-13T02:47:17 CDT" name="runScenario" description="Runs Cucumber Scenarios" data-provider="scenarios" finished-at="2025-06-13T02:47:18 CDT" duration-ms="1024" status="FAIL">
          <params>
            <param index="0">
              <value>
                <![CDATA["Verify user gets error when updating user with Put request with invalid data"]]>
              </value>
            </param>
            <param index="1">
              <value>
                <![CDATA["Update existing user with Put request"]]>
              </value>
            </param>
          </params>
          <exception class="java.lang.AssertionError">
            <message>
              <![CDATA[expected [409] but found [500]]]>
            </message>
            <full-stacktrace>
              <![CDATA[java.lang.AssertionError: expected [409] but found [500]
at org.testng.Assert.fail(Assert.java:111)
at org.testng.Assert.failNotEquals(Assert.java:1590)
at org.testng.Assert.assertEqualsImpl(Assert.java:150)
at org.testng.Assert.assertEquals(Assert.java:132)
at org.testng.Assert.assertEquals(Assert.java:1431)
at org.testng.Assert.assertEquals(Assert.java:1395)
at org.testng.Assert.assertEquals(Assert.java:1441)
at stepDefinition.GetStep.user_should_receive_correct_status_code(GetStep.java:99)
at ✽.user should receive correct status code(file:///C:/Users/jimre/eclipse-workspace/UserAPICucumberBDD_Christy/src/test/resources/features/Put.feature:24)
]]>
            </full-stacktrace>
          </exception> <!-- java.lang.AssertionError -->
          <reporter-output>
          </reporter-output>
        </test-method> <!-- runScenario -->
        <test-method is-config="true" signature="tearDownClass()[pri:0, instance:runner.TestRunner@2b40ff9c]" started-at="2025-06-13T02:47:18 CDT" name="tearDownClass" finished-at="2025-06-13T02:47:19 CDT" duration-ms="125" status="PASS">
          <reporter-output>
          </reporter-output>
        </test-method> <!-- tearDownClass -->
      </class> <!-- runner.TestRunner -->
    </test> <!-- Default test -->
  </suite> <!-- Default suite -->
</testng-results>
