<?xml version="1.0" encoding="UTF-8"?>
<testng-results ignored="0" total="42" passed="38" failed="4" skipped="0">
  <reporter-output>
  </reporter-output>
  <suite started-at="2025-06-13T03:40:19 CDT" name="Default suite" finished-at="2025-06-13T03:40:56 CDT" duration-ms="36269">
    <groups>
      <group name="cucumber">
        <method signature="AbstractTestNGCucumberTests.runScenario(io.cucumber.testng.PickleWrapper,io.cucumber.testng.FeatureWrapper)[pri:0, instance:runner.TestRunner@3f4faf53]" name="runScenario" class="io.cucumber.testng.AbstractTestNGCucumberTests"/>
      </group> <!-- cucumber -->
    </groups>
    <test started-at="2025-06-13T03:40:19 CDT" name="Default test" finished-at="2025-06-13T03:40:56 CDT" duration-ms="36269">
      <class name="runner.TestRunner">
        <test-method is-config="true" signature="setUpClass(org.testng.ITestContext)[pri:0, instance:runner.TestRunner@3f4faf53]" started-at="2025-06-13T03:40:20 CDT" name="setUpClass" finished-at="2025-06-13T03:40:21 CDT" duration-ms="1689" status="PASS">
          <params>
            <param index="0">
              <value>
                <![CDATA[org.testng.TestRunner@4d2bcca8]]>
              </value>
            </param>
          </params>
          <reporter-output>
          </reporter-output>
        </test-method> <!-- setUpClass -->
        <test-method signature="runScenario(io.cucumber.testng.PickleWrapper,io.cucumber.testng.FeatureWrapper)[pri:0, instance:runner.TestRunner@3f4faf53]" started-at="2025-06-13T03:40:21 CDT" name="runScenario" description="Runs Cucumber Scenarios" data-provider="scenarios" finished-at="2025-06-13T03:40:27 CDT" duration-ms="6164" status="PASS">
          <params>
            <param index="0">
              <value>
                <![CDATA["Validate Delete user with valid user name should have correct status code"]]>
              </value>
            </param>
            <param index="1">
              <value>
                <![CDATA["Delete existing user"]]>
              </value>
            </param>
          </params>
          <reporter-output>
          </reporter-output>
        </test-method> <!-- runScenario -->
        <test-method signature="runScenario(io.cucumber.testng.PickleWrapper,io.cucumber.testng.FeatureWrapper)[pri:0, instance:runner.TestRunner@3f4faf53]" started-at="2025-06-13T03:40:27 CDT" name="runScenario" description="Runs Cucumber Scenarios" data-provider="scenarios" finished-at="2025-06-13T03:40:29 CDT" duration-ms="1114" status="PASS">
          <params>
            <param index="0">
              <value>
                <![CDATA["Validate Delete user with valid user name should have correct response message"]]>
              </value>
            </param>
            <param index="1">
              <value>
                <![CDATA["Delete existing user"]]>
              </value>
            </param>
          </params>
          <reporter-output>
          </reporter-output>
        </test-method> <!-- runScenario -->
        <test-method signature="runScenario(io.cucumber.testng.PickleWrapper,io.cucumber.testng.FeatureWrapper)[pri:0, instance:runner.TestRunner@3f4faf53]" started-at="2025-06-13T03:40:29 CDT" name="runScenario" description="Runs Cucumber Scenarios" data-provider="scenarios" finished-at="2025-06-13T03:40:29 CDT" duration-ms="376" status="PASS">
          <params>
            <param index="0">
              <value>
                <![CDATA["Validate Delete user with nonexistent user name should have correct status code"]]>
              </value>
            </param>
            <param index="1">
              <value>
                <![CDATA["Delete existing user"]]>
              </value>
            </param>
          </params>
          <reporter-output>
          </reporter-output>
        </test-method> <!-- runScenario -->
        <test-method signature="runScenario(io.cucumber.testng.PickleWrapper,io.cucumber.testng.FeatureWrapper)[pri:0, instance:runner.TestRunner@3f4faf53]" started-at="2025-06-13T03:40:29 CDT" name="runScenario" description="Runs Cucumber Scenarios" data-provider="scenarios" finished-at="2025-06-13T03:40:29 CDT" duration-ms="439" status="PASS">
          <params>
            <param index="0">
              <value>
                <![CDATA["Validate Delete user with nonexistent user name should have correct response message"]]>
              </value>
            </param>
            <param index="1">
              <value>
                <![CDATA["Delete existing user"]]>
              </value>
            </param>
          </params>
          <reporter-output>
          </reporter-output>
        </test-method> <!-- runScenario -->
        <test-method signature="runScenario(io.cucumber.testng.PickleWrapper,io.cucumber.testng.FeatureWrapper)[pri:0, instance:runner.TestRunner@3f4faf53]" started-at="2025-06-13T03:40:29 CDT" name="runScenario" description="Runs Cucumber Scenarios" data-provider="scenarios" finished-at="2025-06-13T03:40:30 CDT" duration-ms="1136" status="PASS">
          <params>
            <param index="0">
              <value>
                <![CDATA["Validate Delete user with valid user id should have correct status code"]]>
              </value>
            </param>
            <param index="1">
              <value>
                <![CDATA["Delete existing user"]]>
              </value>
            </param>
          </params>
          <reporter-output>
          </reporter-output>
        </test-method> <!-- runScenario -->
        <test-method signature="runScenario(io.cucumber.testng.PickleWrapper,io.cucumber.testng.FeatureWrapper)[pri:0, instance:runner.TestRunner@3f4faf53]" started-at="2025-06-13T03:40:30 CDT" name="runScenario" description="Runs Cucumber Scenarios" data-provider="scenarios" finished-at="2025-06-13T03:40:32 CDT" duration-ms="1153" status="PASS">
          <params>
            <param index="0">
              <value>
                <![CDATA["Validate Delete user with valid user id should have correct response message"]]>
              </value>
            </param>
            <param index="1">
              <value>
                <![CDATA["Delete existing user"]]>
              </value>
            </param>
          </params>
          <reporter-output>
          </reporter-output>
        </test-method> <!-- runScenario -->
        <test-method signature="runScenario(io.cucumber.testng.PickleWrapper,io.cucumber.testng.FeatureWrapper)[pri:0, instance:runner.TestRunner@3f4faf53]" started-at="2025-06-13T03:40:32 CDT" name="runScenario" description="Runs Cucumber Scenarios" data-provider="scenarios" finished-at="2025-06-13T03:40:32 CDT" duration-ms="380" status="PASS">
          <params>
            <param index="0">
              <value>
                <![CDATA["Validate Delete user with nonexistent user id should have correct status code"]]>
              </value>
            </param>
            <param index="1">
              <value>
                <![CDATA["Delete existing user"]]>
              </value>
            </param>
          </params>
          <reporter-output>
          </reporter-output>
        </test-method> <!-- runScenario -->
        <test-method signature="runScenario(io.cucumber.testng.PickleWrapper,io.cucumber.testng.FeatureWrapper)[pri:0, instance:runner.TestRunner@3f4faf53]" started-at="2025-06-13T03:40:32 CDT" name="runScenario" description="Runs Cucumber Scenarios" data-provider="scenarios" finished-at="2025-06-13T03:40:32 CDT" duration-ms="407" status="PASS">
          <params>
            <param index="0">
              <value>
                <![CDATA["Validate Delete user with nonexistent user id should have correct response message"]]>
              </value>
            </param>
            <param index="1">
              <value>
                <![CDATA["Delete existing user"]]>
              </value>
            </param>
          </params>
          <reporter-output>
          </reporter-output>
        </test-method> <!-- runScenario -->
        <test-method signature="runScenario(io.cucumber.testng.PickleWrapper,io.cucumber.testng.FeatureWrapper)[pri:0, instance:runner.TestRunner@3f4faf53]" started-at="2025-06-13T03:40:32 CDT" name="runScenario" description="Runs Cucumber Scenarios" data-provider="scenarios" finished-at="2025-06-13T03:40:34 CDT" duration-ms="1348" status="PASS">
          <params>
            <param index="0">
              <value>
                <![CDATA["Validate  response status code to GET all users"]]>
              </value>
            </param>
            <param index="1">
              <value>
                <![CDATA["Get User details"]]>
              </value>
            </param>
          </params>
          <reporter-output>
          </reporter-output>
        </test-method> <!-- runScenario -->
        <test-method signature="runScenario(io.cucumber.testng.PickleWrapper,io.cucumber.testng.FeatureWrapper)[pri:0, instance:runner.TestRunner@3f4faf53]" started-at="2025-06-13T03:40:34 CDT" name="runScenario" description="Runs Cucumber Scenarios" data-provider="scenarios" finished-at="2025-06-13T03:40:35 CDT" duration-ms="1272" status="PASS">
          <params>
            <param index="0">
              <value>
                <![CDATA["Validate correct status line is displayed for GET all users"]]>
              </value>
            </param>
            <param index="1">
              <value>
                <![CDATA["Get User details"]]>
              </value>
            </param>
          </params>
          <reporter-output>
          </reporter-output>
        </test-method> <!-- runScenario -->
        <test-method signature="runScenario(io.cucumber.testng.PickleWrapper,io.cucumber.testng.FeatureWrapper)[pri:0, instance:runner.TestRunner@3f4faf53]" started-at="2025-06-13T03:40:35 CDT" name="runScenario" description="Runs Cucumber Scenarios" data-provider="scenarios" finished-at="2025-06-13T03:40:36 CDT" duration-ms="1222" status="PASS">
          <params>
            <param index="0">
              <value>
                <![CDATA["Validate response body is in the format Content- Type JSON for GET all users"]]>
              </value>
            </param>
            <param index="1">
              <value>
                <![CDATA["Get User details"]]>
              </value>
            </param>
          </params>
          <reporter-output>
          </reporter-output>
        </test-method> <!-- runScenario -->
        <test-method signature="runScenario(io.cucumber.testng.PickleWrapper,io.cucumber.testng.FeatureWrapper)[pri:0, instance:runner.TestRunner@3f4faf53]" started-at="2025-06-13T03:40:36 CDT" name="runScenario" description="Runs Cucumber Scenarios" data-provider="scenarios" finished-at="2025-06-13T03:40:37 CDT" duration-ms="358" status="PASS">
          <params>
            <param index="0">
              <value>
                <![CDATA["Validate GET request for user with valid user id"]]>
              </value>
            </param>
            <param index="1">
              <value>
                <![CDATA["Get User details"]]>
              </value>
            </param>
          </params>
          <reporter-output>
          </reporter-output>
        </test-method> <!-- runScenario -->
        <test-method signature="runScenario(io.cucumber.testng.PickleWrapper,io.cucumber.testng.FeatureWrapper)[pri:0, instance:runner.TestRunner@3f4faf53]" started-at="2025-06-13T03:40:37 CDT" name="runScenario" description="Runs Cucumber Scenarios" data-provider="scenarios" finished-at="2025-06-13T03:40:37 CDT" duration-ms="360" status="PASS">
          <params>
            <param index="0">
              <value>
                <![CDATA["Validate status code for GET user with invalid user id"]]>
              </value>
            </param>
            <param index="1">
              <value>
                <![CDATA["Get User details"]]>
              </value>
            </param>
          </params>
          <reporter-output>
          </reporter-output>
        </test-method> <!-- runScenario -->
        <test-method signature="runScenario(io.cucumber.testng.PickleWrapper,io.cucumber.testng.FeatureWrapper)[pri:0, instance:runner.TestRunner@3f4faf53]" started-at="2025-06-13T03:40:37 CDT" name="runScenario" description="Runs Cucumber Scenarios" data-provider="scenarios" finished-at="2025-06-13T03:40:37 CDT" duration-ms="398" status="PASS">
          <params>
            <param index="0">
              <value>
                <![CDATA["Validate status line displays error message for GET user with invalid user id"]]>
              </value>
            </param>
            <param index="1">
              <value>
                <![CDATA["Get User details"]]>
              </value>
            </param>
          </params>
          <reporter-output>
          </reporter-output>
        </test-method> <!-- runScenario -->
        <test-method signature="runScenario(io.cucumber.testng.PickleWrapper,io.cucumber.testng.FeatureWrapper)[pri:0, instance:runner.TestRunner@3f4faf53]" started-at="2025-06-13T03:40:37 CDT" name="runScenario" description="Runs Cucumber Scenarios" data-provider="scenarios" finished-at="2025-06-13T03:40:38 CDT" duration-ms="371" status="PASS">
          <params>
            <param index="0">
              <value>
                <![CDATA["Validate GET request for user with valid user first name"]]>
              </value>
            </param>
            <param index="1">
              <value>
                <![CDATA["Get User details"]]>
              </value>
            </param>
          </params>
          <reporter-output>
          </reporter-output>
        </test-method> <!-- runScenario -->
        <test-method signature="runScenario(io.cucumber.testng.PickleWrapper,io.cucumber.testng.FeatureWrapper)[pri:0, instance:runner.TestRunner@3f4faf53]" started-at="2025-06-13T03:40:38 CDT" name="runScenario" description="Runs Cucumber Scenarios" data-provider="scenarios" finished-at="2025-06-13T03:40:38 CDT" duration-ms="356" status="PASS">
          <params>
            <param index="0">
              <value>
                <![CDATA["Validate status code for GET user with invalid user first name"]]>
              </value>
            </param>
            <param index="1">
              <value>
                <![CDATA["Get User details"]]>
              </value>
            </param>
          </params>
          <reporter-output>
          </reporter-output>
        </test-method> <!-- runScenario -->
        <test-method signature="runScenario(io.cucumber.testng.PickleWrapper,io.cucumber.testng.FeatureWrapper)[pri:0, instance:runner.TestRunner@3f4faf53]" started-at="2025-06-13T03:40:38 CDT" name="runScenario" description="Runs Cucumber Scenarios" data-provider="scenarios" finished-at="2025-06-13T03:40:39 CDT" duration-ms="406" status="PASS">
          <params>
            <param index="0">
              <value>
                <![CDATA["Validate status line displays error message for GET user with invalid user first name"]]>
              </value>
            </param>
            <param index="1">
              <value>
                <![CDATA["Get User details"]]>
              </value>
            </param>
          </params>
          <reporter-output>
          </reporter-output>
        </test-method> <!-- runScenario -->
        <test-method signature="runScenario(io.cucumber.testng.PickleWrapper,io.cucumber.testng.FeatureWrapper)[pri:0, instance:runner.TestRunner@3f4faf53]" started-at="2025-06-13T03:40:39 CDT" name="runScenario" description="Runs Cucumber Scenarios" data-provider="scenarios" finished-at="2025-06-13T03:40:40 CDT" duration-ms="1111" status="PASS">
          <params>
            <param index="0">
              <value>
                <![CDATA["Verify user is successfully able to update user information with patch and receive correct status code"]]>
              </value>
            </param>
            <param index="1">
              <value>
                <![CDATA["Update existing user with Patch request"]]>
              </value>
            </param>
          </params>
          <reporter-output>
          </reporter-output>
        </test-method> <!-- runScenario -->
        <test-method signature="runScenario(io.cucumber.testng.PickleWrapper,io.cucumber.testng.FeatureWrapper)[pri:0, instance:runner.TestRunner@3f4faf53]" started-at="2025-06-13T03:40:40 CDT" name="runScenario" description="Runs Cucumber Scenarios" data-provider="scenarios" finished-at="2025-06-13T03:40:41 CDT" duration-ms="1082" status="PASS">
          <params>
            <param index="0">
              <value>
                <![CDATA["Verify user is successfully able to update user information with patch and validate field"]]>
              </value>
            </param>
            <param index="1">
              <value>
                <![CDATA["Update existing user with Patch request"]]>
              </value>
            </param>
          </params>
          <reporter-output>
          </reporter-output>
        </test-method> <!-- runScenario -->
        <test-method signature="runScenario(io.cucumber.testng.PickleWrapper,io.cucumber.testng.FeatureWrapper)[pri:0, instance:runner.TestRunner@3f4faf53]" started-at="2025-06-13T03:40:41 CDT" name="runScenario" description="Runs Cucumber Scenarios" data-provider="scenarios" finished-at="2025-06-13T03:40:42 CDT" duration-ms="1161" status="FAIL">
          <params>
            <param index="0">
              <value>
                <![CDATA["Verify user gets error when updating user with Patch request with invalid data"]]>
              </value>
            </param>
            <param index="1">
              <value>
                <![CDATA["Update existing user with Patch request"]]>
              </value>
            </param>
          </params>
          <exception class="java.lang.AssertionError">
            <message>
              <![CDATA[expected [409] but found [400]]]>
            </message>
            <full-stacktrace>
              <![CDATA[java.lang.AssertionError: expected [409] but found [400]
at org.testng.Assert.fail(Assert.java:111)
at org.testng.Assert.failNotEquals(Assert.java:1590)
at org.testng.Assert.assertEqualsImpl(Assert.java:150)
at org.testng.Assert.assertEquals(Assert.java:132)
at org.testng.Assert.assertEquals(Assert.java:1431)
at org.testng.Assert.assertEquals(Assert.java:1395)
at org.testng.Assert.assertEquals(Assert.java:1441)
at stepDefinition.GetStep.user_should_receive_correct_status_code(GetStep.java:99)
at ✽.user should receive correct status code(file:///C:/Users/jimre/eclipse-workspace/UserAPICucumberBDD_Christy/src/test/resources/features/Patch.feature:24)
]]>
            </full-stacktrace>
          </exception> <!-- java.lang.AssertionError -->
          <reporter-output>
          </reporter-output>
        </test-method> <!-- runScenario -->
        <test-method signature="runScenario(io.cucumber.testng.PickleWrapper,io.cucumber.testng.FeatureWrapper)[pri:0, instance:runner.TestRunner@3f4faf53]" started-at="2025-06-13T03:40:42 CDT" name="runScenario" description="Runs Cucumber Scenarios" data-provider="scenarios" finished-at="2025-06-13T03:40:43 CDT" duration-ms="993" status="FAIL">
          <params>
            <param index="0">
              <value>
                <![CDATA["Verify user gets error when updating user with Patch request with invalid data"]]>
              </value>
            </param>
            <param index="1">
              <value>
                <![CDATA["Update existing user with Patch request"]]>
              </value>
            </param>
          </params>
          <exception class="java.lang.AssertionError">
            <message>
              <![CDATA[expected [409] but found [500]]]>
            </message>
            <full-stacktrace>
              <![CDATA[java.lang.AssertionError: expected [409] but found [500]
at org.testng.Assert.fail(Assert.java:111)
at org.testng.Assert.failNotEquals(Assert.java:1590)
at org.testng.Assert.assertEqualsImpl(Assert.java:150)
at org.testng.Assert.assertEquals(Assert.java:132)
at org.testng.Assert.assertEquals(Assert.java:1431)
at org.testng.Assert.assertEquals(Assert.java:1395)
at org.testng.Assert.assertEquals(Assert.java:1441)
at stepDefinition.GetStep.user_should_receive_correct_status_code(GetStep.java:99)
at ✽.user should receive correct status code(file:///C:/Users/jimre/eclipse-workspace/UserAPICucumberBDD_Christy/src/test/resources/features/Patch.feature:24)
]]>
            </full-stacktrace>
          </exception> <!-- java.lang.AssertionError -->
          <reporter-output>
          </reporter-output>
        </test-method> <!-- runScenario -->
        <test-method signature="runScenario(io.cucumber.testng.PickleWrapper,io.cucumber.testng.FeatureWrapper)[pri:0, instance:runner.TestRunner@3f4faf53]" started-at="2025-06-13T03:40:43 CDT" name="runScenario" description="Runs Cucumber Scenarios" data-provider="scenarios" finished-at="2025-06-13T03:40:44 CDT" duration-ms="671" status="PASS">
          <params>
            <param index="0">
              <value>
                <![CDATA["Verify that new user created successfully with valid status code"]]>
              </value>
            </param>
            <param index="1">
              <value>
                <![CDATA["Create a new user"]]>
              </value>
            </param>
          </params>
          <reporter-output>
          </reporter-output>
        </test-method> <!-- runScenario -->
        <test-method signature="runScenario(io.cucumber.testng.PickleWrapper,io.cucumber.testng.FeatureWrapper)[pri:0, instance:runner.TestRunner@3f4faf53]" started-at="2025-06-13T03:40:44 CDT" name="runScenario" description="Runs Cucumber Scenarios" data-provider="scenarios" finished-at="2025-06-13T03:40:44 CDT" duration-ms="689" status="PASS">
          <params>
            <param index="0">
              <value>
                <![CDATA["Verify that new user created successfully with valid content type"]]>
              </value>
            </param>
            <param index="1">
              <value>
                <![CDATA["Create a new user"]]>
              </value>
            </param>
          </params>
          <reporter-output>
          </reporter-output>
        </test-method> <!-- runScenario -->
        <test-method signature="runScenario(io.cucumber.testng.PickleWrapper,io.cucumber.testng.FeatureWrapper)[pri:0, instance:runner.TestRunner@3f4faf53]" started-at="2025-06-13T03:40:44 CDT" name="runScenario" description="Runs Cucumber Scenarios" data-provider="scenarios" finished-at="2025-06-13T03:40:45 CDT" duration-ms="707" status="PASS">
          <params>
            <param index="0">
              <value>
                <![CDATA["Verify that new user created successfully with valid status line"]]>
              </value>
            </param>
            <param index="1">
              <value>
                <![CDATA["Create a new user"]]>
              </value>
            </param>
          </params>
          <reporter-output>
          </reporter-output>
        </test-method> <!-- runScenario -->
        <test-method signature="runScenario(io.cucumber.testng.PickleWrapper,io.cucumber.testng.FeatureWrapper)[pri:0, instance:runner.TestRunner@3f4faf53]" started-at="2025-06-13T03:40:45 CDT" name="runScenario" description="Runs Cucumber Scenarios" data-provider="scenarios" finished-at="2025-06-13T03:40:46 CDT" duration-ms="1340" status="PASS">
          <params>
            <param index="0">
              <value>
                <![CDATA["Verify that new user created successfully with valid schema"]]>
              </value>
            </param>
            <param index="1">
              <value>
                <![CDATA["Create a new user"]]>
              </value>
            </param>
          </params>
          <reporter-output>
          </reporter-output>
        </test-method> <!-- runScenario -->
        <test-method signature="runScenario(io.cucumber.testng.PickleWrapper,io.cucumber.testng.FeatureWrapper)[pri:0, instance:runner.TestRunner@3f4faf53]" started-at="2025-06-13T03:40:46 CDT" name="runScenario" description="Runs Cucumber Scenarios" data-provider="scenarios" finished-at="2025-06-13T03:40:47 CDT" duration-ms="369" status="PASS">
          <params>
            <param index="0">
              <value>
                <![CDATA["Verify user gets error with correct status code when creating user with invalid data"]]>
              </value>
            </param>
            <param index="1">
              <value>
                <![CDATA["Create a new user"]]>
              </value>
            </param>
          </params>
          <reporter-output>
          </reporter-output>
        </test-method> <!-- runScenario -->
        <test-method signature="runScenario(io.cucumber.testng.PickleWrapper,io.cucumber.testng.FeatureWrapper)[pri:0, instance:runner.TestRunner@3f4faf53]" started-at="2025-06-13T03:40:47 CDT" name="runScenario" description="Runs Cucumber Scenarios" data-provider="scenarios" finished-at="2025-06-13T03:40:47 CDT" duration-ms="358" status="PASS">
          <params>
            <param index="0">
              <value>
                <![CDATA["Verify user gets error with correct status code when creating user with invalid data"]]>
              </value>
            </param>
            <param index="1">
              <value>
                <![CDATA["Create a new user"]]>
              </value>
            </param>
          </params>
          <reporter-output>
          </reporter-output>
        </test-method> <!-- runScenario -->
        <test-method signature="runScenario(io.cucumber.testng.PickleWrapper,io.cucumber.testng.FeatureWrapper)[pri:0, instance:runner.TestRunner@3f4faf53]" started-at="2025-06-13T03:40:47 CDT" name="runScenario" description="Runs Cucumber Scenarios" data-provider="scenarios" finished-at="2025-06-13T03:40:47 CDT" duration-ms="351" status="PASS">
          <params>
            <param index="0">
              <value>
                <![CDATA["Verify user gets error with correct status code when creating user with invalid data"]]>
              </value>
            </param>
            <param index="1">
              <value>
                <![CDATA["Create a new user"]]>
              </value>
            </param>
          </params>
          <reporter-output>
          </reporter-output>
        </test-method> <!-- runScenario -->
        <test-method signature="runScenario(io.cucumber.testng.PickleWrapper,io.cucumber.testng.FeatureWrapper)[pri:0, instance:runner.TestRunner@3f4faf53]" started-at="2025-06-13T03:40:47 CDT" name="runScenario" description="Runs Cucumber Scenarios" data-provider="scenarios" finished-at="2025-06-13T03:40:48 CDT" duration-ms="800" status="PASS">
          <params>
            <param index="0">
              <value>
                <![CDATA["Verify user gets error with correct status code when creating user with invalid data"]]>
              </value>
            </param>
            <param index="1">
              <value>
                <![CDATA["Create a new user"]]>
              </value>
            </param>
          </params>
          <reporter-output>
          </reporter-output>
        </test-method> <!-- runScenario -->
        <test-method signature="runScenario(io.cucumber.testng.PickleWrapper,io.cucumber.testng.FeatureWrapper)[pri:0, instance:runner.TestRunner@3f4faf53]" started-at="2025-06-13T03:40:48 CDT" name="runScenario" description="Runs Cucumber Scenarios" data-provider="scenarios" finished-at="2025-06-13T03:40:49 CDT" duration-ms="360" status="PASS">
          <params>
            <param index="0">
              <value>
                <![CDATA["Verify user gets error with correct status code when creating user with invalid data"]]>
              </value>
            </param>
            <param index="1">
              <value>
                <![CDATA["Create a new user"]]>
              </value>
            </param>
          </params>
          <reporter-output>
          </reporter-output>
        </test-method> <!-- runScenario -->
        <test-method signature="runScenario(io.cucumber.testng.PickleWrapper,io.cucumber.testng.FeatureWrapper)[pri:0, instance:runner.TestRunner@3f4faf53]" started-at="2025-06-13T03:40:49 CDT" name="runScenario" description="Runs Cucumber Scenarios" data-provider="scenarios" finished-at="2025-06-13T03:40:49 CDT" duration-ms="327" status="PASS">
          <params>
            <param index="0">
              <value>
                <![CDATA["Verify user gets error with correct status code when creating user with invalid data"]]>
              </value>
            </param>
            <param index="1">
              <value>
                <![CDATA["Create a new user"]]>
              </value>
            </param>
          </params>
          <reporter-output>
          </reporter-output>
        </test-method> <!-- runScenario -->
        <test-method signature="runScenario(io.cucumber.testng.PickleWrapper,io.cucumber.testng.FeatureWrapper)[pri:0, instance:runner.TestRunner@3f4faf53]" started-at="2025-06-13T03:40:49 CDT" name="runScenario" description="Runs Cucumber Scenarios" data-provider="scenarios" finished-at="2025-06-13T03:40:49 CDT" duration-ms="364" status="PASS">
          <params>
            <param index="0">
              <value>
                <![CDATA["Verify user gets error with correct error message when creating user with invalid data"]]>
              </value>
            </param>
            <param index="1">
              <value>
                <![CDATA["Create a new user"]]>
              </value>
            </param>
          </params>
          <reporter-output>
          </reporter-output>
        </test-method> <!-- runScenario -->
        <test-method signature="runScenario(io.cucumber.testng.PickleWrapper,io.cucumber.testng.FeatureWrapper)[pri:0, instance:runner.TestRunner@3f4faf53]" started-at="2025-06-13T03:40:49 CDT" name="runScenario" description="Runs Cucumber Scenarios" data-provider="scenarios" finished-at="2025-06-13T03:40:50 CDT" duration-ms="408" status="PASS">
          <params>
            <param index="0">
              <value>
                <![CDATA["Verify user gets error with correct error message when creating user with invalid data"]]>
              </value>
            </param>
            <param index="1">
              <value>
                <![CDATA["Create a new user"]]>
              </value>
            </param>
          </params>
          <reporter-output>
          </reporter-output>
        </test-method> <!-- runScenario -->
        <test-method signature="runScenario(io.cucumber.testng.PickleWrapper,io.cucumber.testng.FeatureWrapper)[pri:0, instance:runner.TestRunner@3f4faf53]" started-at="2025-06-13T03:40:50 CDT" name="runScenario" description="Runs Cucumber Scenarios" data-provider="scenarios" finished-at="2025-06-13T03:40:50 CDT" duration-ms="377" status="PASS">
          <params>
            <param index="0">
              <value>
                <![CDATA["Verify user gets error with correct error message when creating user with invalid data"]]>
              </value>
            </param>
            <param index="1">
              <value>
                <![CDATA["Create a new user"]]>
              </value>
            </param>
          </params>
          <reporter-output>
          </reporter-output>
        </test-method> <!-- runScenario -->
        <test-method signature="runScenario(io.cucumber.testng.PickleWrapper,io.cucumber.testng.FeatureWrapper)[pri:0, instance:runner.TestRunner@3f4faf53]" started-at="2025-06-13T03:40:50 CDT" name="runScenario" description="Runs Cucumber Scenarios" data-provider="scenarios" finished-at="2025-06-13T03:40:50 CDT" duration-ms="376" status="PASS">
          <params>
            <param index="0">
              <value>
                <![CDATA["Verify user gets error with correct error message when creating user with invalid data"]]>
              </value>
            </param>
            <param index="1">
              <value>
                <![CDATA["Create a new user"]]>
              </value>
            </param>
          </params>
          <reporter-output>
          </reporter-output>
        </test-method> <!-- runScenario -->
        <test-method signature="runScenario(io.cucumber.testng.PickleWrapper,io.cucumber.testng.FeatureWrapper)[pri:0, instance:runner.TestRunner@3f4faf53]" started-at="2025-06-13T03:40:50 CDT" name="runScenario" description="Runs Cucumber Scenarios" data-provider="scenarios" finished-at="2025-06-13T03:40:51 CDT" duration-ms="357" status="PASS">
          <params>
            <param index="0">
              <value>
                <![CDATA["Verify user gets error with correct error message when creating user with invalid data"]]>
              </value>
            </param>
            <param index="1">
              <value>
                <![CDATA["Create a new user"]]>
              </value>
            </param>
          </params>
          <reporter-output>
          </reporter-output>
        </test-method> <!-- runScenario -->
        <test-method signature="runScenario(io.cucumber.testng.PickleWrapper,io.cucumber.testng.FeatureWrapper)[pri:0, instance:runner.TestRunner@3f4faf53]" started-at="2025-06-13T03:40:51 CDT" name="runScenario" description="Runs Cucumber Scenarios" data-provider="scenarios" finished-at="2025-06-13T03:40:51 CDT" duration-ms="352" status="PASS">
          <params>
            <param index="0">
              <value>
                <![CDATA["Verify user gets error with correct error message when creating user with invalid data"]]>
              </value>
            </param>
            <param index="1">
              <value>
                <![CDATA["Create a new user"]]>
              </value>
            </param>
          </params>
          <reporter-output>
          </reporter-output>
        </test-method> <!-- runScenario -->
        <test-method signature="runScenario(io.cucumber.testng.PickleWrapper,io.cucumber.testng.FeatureWrapper)[pri:0, instance:runner.TestRunner@3f4faf53]" started-at="2025-06-13T03:40:51 CDT" name="runScenario" description="Runs Cucumber Scenarios" data-provider="scenarios" finished-at="2025-06-13T03:40:51 CDT" duration-ms="235" status="PASS">
          <params>
            <param index="0">
              <value>
                <![CDATA["Verify user reveives 401 Unauthorized when sending request without authorization"]]>
              </value>
            </param>
            <param index="1">
              <value>
                <![CDATA["Create a new user"]]>
              </value>
            </param>
          </params>
          <reporter-output>
          </reporter-output>
        </test-method> <!-- runScenario -->
        <test-method signature="runScenario(io.cucumber.testng.PickleWrapper,io.cucumber.testng.FeatureWrapper)[pri:0, instance:runner.TestRunner@3f4faf53]" started-at="2025-06-13T03:40:51 CDT" name="runScenario" description="Runs Cucumber Scenarios" data-provider="scenarios" finished-at="2025-06-13T03:40:52 CDT" duration-ms="1037" status="PASS">
          <params>
            <param index="0">
              <value>
                <![CDATA["Verify user is successfully able to update user information and receive correct status code"]]>
              </value>
            </param>
            <param index="1">
              <value>
                <![CDATA["Update existing user with Put request"]]>
              </value>
            </param>
          </params>
          <reporter-output>
          </reporter-output>
        </test-method> <!-- runScenario -->
        <test-method signature="runScenario(io.cucumber.testng.PickleWrapper,io.cucumber.testng.FeatureWrapper)[pri:0, instance:runner.TestRunner@3f4faf53]" started-at="2025-06-13T03:40:52 CDT" name="runScenario" description="Runs Cucumber Scenarios" data-provider="scenarios" finished-at="2025-06-13T03:40:54 CDT" duration-ms="1102" status="PASS">
          <params>
            <param index="0">
              <value>
                <![CDATA["Verify user is successfully able to update user information and validate field"]]>
              </value>
            </param>
            <param index="1">
              <value>
                <![CDATA["Update existing user with Put request"]]>
              </value>
            </param>
          </params>
          <reporter-output>
          </reporter-output>
        </test-method> <!-- runScenario -->
        <test-method signature="runScenario(io.cucumber.testng.PickleWrapper,io.cucumber.testng.FeatureWrapper)[pri:0, instance:runner.TestRunner@3f4faf53]" started-at="2025-06-13T03:40:54 CDT" name="runScenario" description="Runs Cucumber Scenarios" data-provider="scenarios" finished-at="2025-06-13T03:40:55 CDT" duration-ms="1030" status="FAIL">
          <params>
            <param index="0">
              <value>
                <![CDATA["Verify user gets error when updating user with Put request with invalid data"]]>
              </value>
            </param>
            <param index="1">
              <value>
                <![CDATA["Update existing user with Put request"]]>
              </value>
            </param>
          </params>
          <exception class="java.lang.AssertionError">
            <message>
              <![CDATA[expected [409] but found [400]]]>
            </message>
            <full-stacktrace>
              <![CDATA[java.lang.AssertionError: expected [409] but found [400]
at org.testng.Assert.fail(Assert.java:111)
at org.testng.Assert.failNotEquals(Assert.java:1590)
at org.testng.Assert.assertEqualsImpl(Assert.java:150)
at org.testng.Assert.assertEquals(Assert.java:132)
at org.testng.Assert.assertEquals(Assert.java:1431)
at org.testng.Assert.assertEquals(Assert.java:1395)
at org.testng.Assert.assertEquals(Assert.java:1441)
at stepDefinition.GetStep.user_should_receive_correct_status_code(GetStep.java:99)
at ✽.user should receive correct status code(file:///C:/Users/jimre/eclipse-workspace/UserAPICucumberBDD_Christy/src/test/resources/features/Put.feature:24)
]]>
            </full-stacktrace>
          </exception> <!-- java.lang.AssertionError -->
          <reporter-output>
          </reporter-output>
        </test-method> <!-- runScenario -->
        <test-method signature="runScenario(io.cucumber.testng.PickleWrapper,io.cucumber.testng.FeatureWrapper)[pri:0, instance:runner.TestRunner@3f4faf53]" started-at="2025-06-13T03:40:55 CDT" name="runScenario" description="Runs Cucumber Scenarios" data-provider="scenarios" finished-at="2025-06-13T03:40:56 CDT" duration-ms="1012" status="FAIL">
          <params>
            <param index="0">
              <value>
                <![CDATA["Verify user gets error when updating user with Put request with invalid data"]]>
              </value>
            </param>
            <param index="1">
              <value>
                <![CDATA["Update existing user with Put request"]]>
              </value>
            </param>
          </params>
          <exception class="java.lang.AssertionError">
            <message>
              <![CDATA[expected [409] but found [500]]]>
            </message>
            <full-stacktrace>
              <![CDATA[java.lang.AssertionError: expected [409] but found [500]
at org.testng.Assert.fail(Assert.java:111)
at org.testng.Assert.failNotEquals(Assert.java:1590)
at org.testng.Assert.assertEqualsImpl(Assert.java:150)
at org.testng.Assert.assertEquals(Assert.java:132)
at org.testng.Assert.assertEquals(Assert.java:1431)
at org.testng.Assert.assertEquals(Assert.java:1395)
at org.testng.Assert.assertEquals(Assert.java:1441)
at stepDefinition.GetStep.user_should_receive_correct_status_code(GetStep.java:99)
at ✽.user should receive correct status code(file:///C:/Users/jimre/eclipse-workspace/UserAPICucumberBDD_Christy/src/test/resources/features/Put.feature:24)
]]>
            </full-stacktrace>
          </exception> <!-- java.lang.AssertionError -->
          <reporter-output>
          </reporter-output>
        </test-method> <!-- runScenario -->
        <test-method is-config="true" signature="tearDownClass()[pri:0, instance:runner.TestRunner@3f4faf53]" started-at="2025-06-13T03:40:56 CDT" name="tearDownClass" finished-at="2025-06-13T03:40:56 CDT" duration-ms="128" status="PASS">
          <reporter-output>
          </reporter-output>
        </test-method> <!-- tearDownClass -->
      </class> <!-- runner.TestRunner -->
    </test> <!-- Default test -->
  </suite> <!-- Default suite -->
</testng-results>
