<?xml version="1.0" encoding="UTF-8"?>
<!-- Generated by org.testng.reporters.JUnitReportReporter -->
<testsuite hostname="KAITLYN" failures="4" tests="42" name="runner.TestRunner" time="34.229" errors="0" timestamp="2025-06-13T03:40:56 CDT" skipped="0">
  <testcase classname="runner.TestRunner" name="runScenario" time="1.136"/>
  <testcase classname="runner.TestRunner" name="runScenario" time="0.364"/>
  <testcase classname="runner.TestRunner" name="runScenario" time="0.439"/>
  <testcase classname="runner.TestRunner" name="runScenario" time="0.360"/>
  <testcase classname="runner.TestRunner" name="runScenario" time="0.671"/>
  <testcase classname="runner.TestRunner" name="runScenario" time="0.351"/>
  <testcase classname="runner.TestRunner" name="runScenario" time="0.398"/>
  <testcase classname="runner.TestRunner" name="runScenario" time="1.222"/>
  <testcase classname="runner.TestRunner" name="runScenario" time="0.357"/>
  <testcase classname="runner.TestRunner" name="runScenario" time="6.164"/>
  <testcase classname="runner.TestRunner" name="runScenario" time="0.369"/>
  <testcase classname="runner.TestRunner" name="runScenario" time="0.327"/>
  <testcase classname="runner.TestRunner" name="runScenario" time="1.340"/>
  <testcase classname="runner.TestRunner" name="runScenario" time="0.352"/>
  <testcase classname="runner.TestRunner" name="runScenario" time="0.235"/>
  <testcase classname="runner.TestRunner" name="runScenario" time="1.272"/>
  <testcase classname="runner.TestRunner" name="runScenario" time="1.037"/>
  <testcase classname="runner.TestRunner" name="runScenario" time="0.371"/>
  <testcase classname="runner.TestRunner" name="runScenario" time="1.111"/>
  <testcase classname="runner.TestRunner" name="runScenario" time="1.114"/>
  <testcase classname="runner.TestRunner" name="runScenario" time="0.689"/>
  <testcase classname="runner.TestRunner" name="runScenario" time="0.356"/>
  <testcase classname="runner.TestRunner" name="runScenario" time="1.153"/>
  <testcase classname="runner.TestRunner" name="runScenario" time="0.358"/>
  <testcase classname="runner.TestRunner" name="runScenario" time="1.161">
    <failure message="expected [409] but found [400]" type="java.lang.AssertionError">
      <![CDATA[java.lang.AssertionError: expected [409] but found [400]
at org.testng.Assert.fail(Assert.java:111)
at org.testng.Assert.failNotEquals(Assert.java:1590)
at org.testng.Assert.assertEqualsImpl(Assert.java:150)
at org.testng.Assert.assertEquals(Assert.java:132)
at org.testng.Assert.assertEquals(Assert.java:1431)
at org.testng.Assert.assertEquals(Assert.java:1395)
at org.testng.Assert.assertEquals(Assert.java:1441)
at stepDefinition.GetStep.user_should_receive_correct_status_code(GetStep.java:99)
at ✽.user should receive correct status code(file:///C:/Users/jimre/eclipse-workspace/UserAPICucumberBDD_Christy/src/test/resources/features/Patch.feature:24)
]]>
    </failure>
  </testcase> <!-- runScenario -->
  <testcase classname="runner.TestRunner" name="runScenario" time="0.407"/>
  <testcase classname="runner.TestRunner" name="runScenario" time="0.993">
    <failure message="expected [409] but found [500]" type="java.lang.AssertionError">
      <![CDATA[java.lang.AssertionError: expected [409] but found [500]
at org.testng.Assert.fail(Assert.java:111)
at org.testng.Assert.failNotEquals(Assert.java:1590)
at org.testng.Assert.assertEqualsImpl(Assert.java:150)
at org.testng.Assert.assertEquals(Assert.java:132)
at org.testng.Assert.assertEquals(Assert.java:1431)
at org.testng.Assert.assertEquals(Assert.java:1395)
at org.testng.Assert.assertEquals(Assert.java:1441)
at stepDefinition.GetStep.user_should_receive_correct_status_code(GetStep.java:99)
at ✽.user should receive correct status code(file:///C:/Users/jimre/eclipse-workspace/UserAPICucumberBDD_Christy/src/test/resources/features/Patch.feature:24)
]]>
    </failure>
  </testcase> <!-- runScenario -->
  <testcase classname="runner.TestRunner" name="runScenario" time="1.012">
    <failure message="expected [409] but found [500]" type="java.lang.AssertionError">
      <![CDATA[java.lang.AssertionError: expected [409] but found [500]
at org.testng.Assert.fail(Assert.java:111)
at org.testng.Assert.failNotEquals(Assert.java:1590)
at org.testng.Assert.assertEqualsImpl(Assert.java:150)
at org.testng.Assert.assertEquals(Assert.java:132)
at org.testng.Assert.assertEquals(Assert.java:1431)
at org.testng.Assert.assertEquals(Assert.java:1395)
at org.testng.Assert.assertEquals(Assert.java:1441)
at stepDefinition.GetStep.user_should_receive_correct_status_code(GetStep.java:99)
at ✽.user should receive correct status code(file:///C:/Users/jimre/eclipse-workspace/UserAPICucumberBDD_Christy/src/test/resources/features/Put.feature:24)
]]>
    </failure>
  </testcase> <!-- runScenario -->
  <testcase classname="runner.TestRunner" name="runScenario" time="1.102"/>
  <testcase classname="runner.TestRunner" name="runScenario" time="0.377"/>
  <testcase classname="runner.TestRunner" name="runScenario" time="0.380"/>
  <testcase classname="runner.TestRunner" name="runScenario" time="0.707"/>
  <testcase classname="runner.TestRunner" name="runScenario" time="1.030">
    <failure message="expected [409] but found [400]" type="java.lang.AssertionError">
      <![CDATA[java.lang.AssertionError: expected [409] but found [400]
at org.testng.Assert.fail(Assert.java:111)
at org.testng.Assert.failNotEquals(Assert.java:1590)
at org.testng.Assert.assertEqualsImpl(Assert.java:150)
at org.testng.Assert.assertEquals(Assert.java:132)
at org.testng.Assert.assertEquals(Assert.java:1431)
at org.testng.Assert.assertEquals(Assert.java:1395)
at org.testng.Assert.assertEquals(Assert.java:1441)
at stepDefinition.GetStep.user_should_receive_correct_status_code(GetStep.java:99)
at ✽.user should receive correct status code(file:///C:/Users/jimre/eclipse-workspace/UserAPICucumberBDD_Christy/src/test/resources/features/Put.feature:24)
]]>
    </failure>
  </testcase> <!-- runScenario -->
  <testcase classname="runner.TestRunner" name="runScenario" time="0.800"/>
  <testcase classname="runner.TestRunner" name="runScenario" time="0.376"/>
  <testcase classname="runner.TestRunner" name="runScenario" time="0.360"/>
  <testcase classname="runner.TestRunner" name="runScenario" time="1.348"/>
  <testcase classname="runner.TestRunner" name="runScenario" time="1.082"/>
  <testcase classname="runner.TestRunner" name="runScenario" time="0.376"/>
  <testcase classname="runner.TestRunner" name="runScenario" time="0.358"/>
  <testcase classname="runner.TestRunner" name="runScenario" time="0.406"/>
  <testcase classname="runner.TestRunner" name="runScenario" time="0.408"/>
</testsuite> <!-- runner.TestRunner -->
